<?xml version="1.0" encoding="UTF-8"?>
<!-- Generated by org.testng.reporters.JUnitReportReporter -->
<testsuite skipped="0" hostname="DESKTOP-IFJIGM4" name="test.AddCustomerTest" tests="1" failures="0" timestamp="2022-05-17T08:19:56 CDT" time="11.887" errors="0">
  <testcase name="validUserShouldBeAbleToCreateCustomer" time="11.887" classname="test.AddCustomerTest"/>
  <system-out/>
</testsuite> <!-- test.AddCustomerTest -->
