<?xml version="1.0" encoding="UTF-8"?>
<!-- Generated by org.testng.reporters.JUnitReportReporter -->
<testsuite skipped="0" hostname="DESKTOP-IFJIGM4" name="test.liginTestPage" tests="1" failures="0" timestamp="2022-05-16T12:22:39 CDT" time="4.370" errors="0">
  <testcase name="validUserShouldBeAbletoLogin" time="4.370" classname="test.liginTestPage"/>
  <system-out/>
</testsuite> <!-- test.liginTestPage -->
