<?xml version="1.0" encoding="UTF-8"?>
<!-- Generated by org.testng.reporters.JUnitReportReporter -->
<testsuite skipped="0" hostname="DESKTOP-IFJIGM4" name="util.BrowserFactory" tests="1" failures="0" timestamp="2022-05-16T12:08:24 CDT" time="5.033" errors="0">
  <testcase name="init" time="5.033" classname="util.BrowserFactory"/>
  <system-out/>
</testsuite> <!-- util.BrowserFactory -->
