<?xml version="1.0" encoding="UTF-8"?>
<!-- Generated by org.testng.reporters.JUnitReportReporter -->
<testsuite skipped="0" hostname="DESKTOP-IFJIGM4" name="test.LoginTestPage" tests="1" failures="0" timestamp="2022-05-16T17:13:16 CDT" time="5.953" errors="0">
  <testcase name="validUserShouldBeAbletoLogin" time="5.953" classname="test.LoginTestPage"/>
  <system-out/>
</testsuite> <!-- test.LoginTestPage -->
